[debug] [2020-10-06T05:13:45.419Z] ----------------------------------------------------------------------
[debug] [2020-10-06T05:13:45.422Z] Command:       C:\Program Files\nodejs\node.exe C:\Users\Deepu\AppData\Roaming\npm\node_modules\firebase-tools\lib\bin\firebase.js serve
[debug] [2020-10-06T05:13:45.422Z] CLI Version:   8.11.2
[debug] [2020-10-06T05:13:45.422Z] Platform:      win32
[debug] [2020-10-06T05:13:45.423Z] Node Version:  v12.13.0
[debug] [2020-10-06T05:13:45.424Z] Time:          Tue Oct 06 2020 10:43:45 GMT+0530 (India Standard Time)
[debug] [2020-10-06T05:13:45.424Z] ----------------------------------------------------------------------
[debug] [2020-10-06T05:13:45.424Z] 
[debug] [2020-10-06T05:13:45.435Z] > command requires scopes: ["email","openid","https://www.googleapis.com/auth/cloudplatformprojects.readonly","https://www.googleapis.com/auth/firebase","https://www.googleapis.com/auth/cloud-platform"]
[debug] [2020-10-06T05:13:45.436Z] > authorizing via signed-in user
[debug] [2020-10-06T05:13:45.436Z] [iam] checking project watersupply-9c98b for permissions ["firebase.projects.get"]
[debug] [2020-10-06T05:13:45.440Z] > refreshing access token with scopes: ["email","https://www.googleapis.com/auth/cloud-platform","https://www.googleapis.com/auth/cloudplatformprojects.readonly","https://www.googleapis.com/auth/firebase","openid"]
[debug] [2020-10-06T05:13:45.440Z] >>> HTTP REQUEST POST https://www.googleapis.com/oauth2/v3/token  
 <request body omitted>
[debug] [2020-10-06T05:13:45.856Z] <<< HTTP RESPONSE 200 {"content-type":"application/json; charset=utf-8","vary":"X-Origin, Referer, Origin,Accept-Encoding","date":"Tue, 06 Oct 2020 05:13:43 GMT","server":"scaffolding on HTTPServer2","cache-control":"private","x-xss-protection":"0","x-frame-options":"SAMEORIGIN","x-content-type-options":"nosniff","alt-svc":"h3-Q050=\":443\"; ma=2592000,h3-29=\":443\"; ma=2592000,h3-27=\":443\"; ma=2592000,h3-T051=\":443\"; ma=2592000,h3-T050=\":443\"; ma=2592000,h3-Q046=\":443\"; ma=2592000,h3-Q043=\":443\"; ma=2592000,quic=\":443\"; ma=2592000; v=\"46,43\"","accept-ranges":"none","transfer-encoding":"chunked"}
[debug] [2020-10-06T05:13:45.862Z] >>> HTTP REQUEST POST https://cloudresourcemanager.googleapis.com/v1/projects/watersupply-9c98b:testIamPermissions  
 {"permissions":["firebase.projects.get"]}
[debug] [2020-10-06T05:13:47.541Z] <<< HTTP RESPONSE 200 {"content-type":"application/json; charset=UTF-8","vary":"X-Origin, Referer, Origin,Accept-Encoding","date":"Tue, 06 Oct 2020 05:13:45 GMT","server":"ESF","cache-control":"private","x-xss-protection":"0","x-frame-options":"SAMEORIGIN","x-content-type-options":"nosniff","server-timing":"gfet4t7; dur=1125","alt-svc":"h3-Q050=\":443\"; ma=2592000,h3-29=\":443\"; ma=2592000,h3-27=\":443\"; ma=2592000,h3-T051=\":443\"; ma=2592000,h3-T050=\":443\"; ma=2592000,h3-Q046=\":443\"; ma=2592000,h3-Q043=\":443\"; ma=2592000,quic=\":443\"; ma=2592000; v=\"46,43\"","accept-ranges":"none","transfer-encoding":"chunked"}
[debug] [2020-10-06T05:13:47.542Z] >>> HTTP REQUEST GET https://firebase.googleapis.com/v1beta1/projects/watersupply-9c98b  
 
[debug] [2020-10-06T05:13:50.426Z] <<< HTTP RESPONSE 200 {"content-type":"application/json; charset=UTF-8","vary":"X-Origin, Referer, Origin,Accept-Encoding","date":"Tue, 06 Oct 2020 05:13:48 GMT","server":"ESF","cache-control":"private","x-xss-protection":"0","x-frame-options":"SAMEORIGIN","x-content-type-options":"nosniff","alt-svc":"h3-Q050=\":443\"; ma=2592000,h3-29=\":443\"; ma=2592000,h3-27=\":443\"; ma=2592000,h3-T051=\":443\"; ma=2592000,h3-T050=\":443\"; ma=2592000,h3-Q046=\":443\"; ma=2592000,h3-Q043=\":443\"; ma=2592000,quic=\":443\"; ma=2592000; v=\"46,43\"","accept-ranges":"none","transfer-encoding":"chunked"}
[info] 
[info] === Serving from 'C:\Users\Deepu\Desktop\Lavanya App\watersupply'...
[info] 
[warn] !  Your requested "node" version "10" doesn't match your global version "12" {"metadata":{"emulator":{"name":"functions"},"message":"Your requested \"node\" version \"10\" doesn't match your global version \"12\""}}
[debug] [2020-10-06T05:13:52.451Z] defaultcredentials: writing to file C:\Users\Deepu\AppData\Roaming\firebase\deepakdee007_gmail_com_application_default_credentials.json
[debug] [2020-10-06T05:13:52.453Z] Setting GAC to C:\Users\Deepu\AppData\Roaming\firebase\deepakdee007_gmail_com_application_default_credentials.json {"metadata":{"emulator":{"name":"functions"},"message":"Setting GAC to C:\\Users\\Deepu\\AppData\\Roaming\\firebase\\deepakdee007_gmail_com_application_default_credentials.json"}}
[info] i  functions: Watching "C:\Users\Deepu\Desktop\Lavanya App\watersupply\functions" for Cloud Functions... {"metadata":{"emulator":{"name":"functions"},"message":"Watching \"C:\\Users\\Deepu\\Desktop\\Lavanya App\\watersupply\\functions\" for Cloud Functions..."}}
[debug] [2020-10-06T05:13:52.482Z] [worker-pool] addWorker(~diagnostic~) {"metadata":{"emulator":{"name":"functions"},"message":"[worker-pool] addWorker(~diagnostic~)"}}
[debug] [2020-10-06T05:13:52.482Z] [worker-pool] Adding worker with key ~diagnostic~, total=1 {"metadata":{"emulator":{"name":"functions"},"message":"[worker-pool] Adding worker with key ~diagnostic~, total=1"}}
[debug] [2020-10-06T05:13:52.482Z] [worker-pool] submitWork(triggerId=) {"metadata":{"emulator":{"name":"functions"},"message":"[worker-pool] submitWork(triggerId=)"}}
[debug] [2020-10-06T05:13:52.483Z] [worker-~diagnostic~-c09fec7f-adf4-47ff-a392-8403ed6d251f]: Assigning socketPath: \\?\pipe\C:\Users\Deepu\Desktop\Lavanya App\watersupply\functions\8700 {"metadata":{"emulator":{"name":"functions"},"message":"[worker-~diagnostic~-c09fec7f-adf4-47ff-a392-8403ed6d251f]: Assigning socketPath: \\\\?\\pipe\\C:\\Users\\Deepu\\Desktop\\Lavanya App\\watersupply\\functions\\8700"}}
[debug] [2020-10-06T05:13:52.483Z] [worker-~diagnostic~-c09fec7f-adf4-47ff-a392-8403ed6d251f]: BUSY {"metadata":{"emulator":{"name":"functions"},"message":"[worker-~diagnostic~-c09fec7f-adf4-47ff-a392-8403ed6d251f]: BUSY"}}
[debug] [2020-10-06T05:13:53.017Z] [runtime-status] [8700] Functions runtime initialized. {"cwd":"C:\\Users\\Deepu\\Desktop\\Lavanya App\\watersupply\\functions","node_version":"12.13.0"} {"metadata":{"emulator":{"name":"functions"},"message":"[runtime-status] [8700] Functions runtime initialized. {\"cwd\":\"C:\\\\Users\\\\Deepu\\\\Desktop\\\\Lavanya App\\\\watersupply\\\\functions\",\"node_version\":\"12.13.0\"}"}}
[debug] [2020-10-06T05:13:53.018Z] [runtime-status] [8700] Disabled runtime features: undefined {"metadata":{"emulator":{"name":"functions"},"message":"[runtime-status] [8700] Disabled runtime features: undefined"}}
[debug] [2020-10-06T05:13:53.022Z] [runtime-status] [8700] Resolved module firebase-admin {"declared":true,"installed":true,"version":"8.13.0","resolution":"C:\\Users\\Deepu\\Desktop\\Lavanya App\\watersupply\\functions\\node_modules\\firebase-admin\\lib\\index.js"} {"metadata":{"emulator":{"name":"functions"},"message":"[runtime-status] [8700] Resolved module firebase-admin {\"declared\":true,\"installed\":true,\"version\":\"8.13.0\",\"resolution\":\"C:\\\\Users\\\\Deepu\\\\Desktop\\\\Lavanya App\\\\watersupply\\\\functions\\\\node_modules\\\\firebase-admin\\\\lib\\\\index.js\"}"}}
[debug] [2020-10-06T05:13:53.024Z] [runtime-status] [8700] Resolved module firebase-functions {"declared":true,"installed":true,"version":"3.11.0","resolution":"C:\\Users\\Deepu\\Desktop\\Lavanya App\\watersupply\\functions\\node_modules\\firebase-functions\\lib\\index.js"} {"metadata":{"emulator":{"name":"functions"},"message":"[runtime-status] [8700] Resolved module firebase-functions {\"declared\":true,\"installed\":true,\"version\":\"3.11.0\",\"resolution\":\"C:\\\\Users\\\\Deepu\\\\Desktop\\\\Lavanya App\\\\watersupply\\\\functions\\\\node_modules\\\\firebase-functions\\\\lib\\\\index.js\"}"}}
[debug] [2020-10-06T05:13:53.025Z] [runtime-status] [8700] Resolved module firebase-functions {"declared":true,"installed":true,"version":"3.11.0","resolution":"C:\\Users\\Deepu\\Desktop\\Lavanya App\\watersupply\\functions\\node_modules\\firebase-functions\\lib\\index.js"} {"metadata":{"emulator":{"name":"functions"},"message":"[runtime-status] [8700] Resolved module firebase-functions {\"declared\":true,\"installed\":true,\"version\":\"3.11.0\",\"resolution\":\"C:\\\\Users\\\\Deepu\\\\Desktop\\\\Lavanya App\\\\watersupply\\\\functions\\\\node_modules\\\\firebase-functions\\\\lib\\\\index.js\"}"}}
[debug] [2020-10-06T05:13:53.028Z] [runtime-status] [8700] Outgoing network have been stubbed. [{"name":"http","status":"mocked"},{"name":"http","status":"mocked"},{"name":"https","status":"mocked"},{"name":"https","status":"mocked"},{"name":"net","status":"mocked"}] {"metadata":{"emulator":{"name":"functions"},"message":"[runtime-status] [8700] Outgoing network have been stubbed. [{\"name\":\"http\",\"status\":\"mocked\"},{\"name\":\"http\",\"status\":\"mocked\"},{\"name\":\"https\",\"status\":\"mocked\"},{\"name\":\"https\",\"status\":\"mocked\"},{\"name\":\"net\",\"status\":\"mocked\"}]"}}
[debug] [2020-10-06T05:13:53.029Z] [runtime-status] [8700] Resolved module firebase-functions {"declared":true,"installed":true,"version":"3.11.0","resolution":"C:\\Users\\Deepu\\Desktop\\Lavanya App\\watersupply\\functions\\node_modules\\firebase-functions\\lib\\index.js"} {"metadata":{"emulator":{"name":"functions"},"message":"[runtime-status] [8700] Resolved module firebase-functions {\"declared\":true,\"installed\":true,\"version\":\"3.11.0\",\"resolution\":\"C:\\\\Users\\\\Deepu\\\\Desktop\\\\Lavanya App\\\\watersupply\\\\functions\\\\node_modules\\\\firebase-functions\\\\lib\\\\index.js\"}"}}
[debug] [2020-10-06T05:13:53.093Z] [runtime-status] [8700] Checked functions.config() {"config":{}} {"metadata":{"emulator":{"name":"functions"},"message":"[runtime-status] [8700] Checked functions.config() {\"config\":{}}"}}
[debug] [2020-10-06T05:13:53.093Z] [runtime-status] [8700] firebase-functions has been stubbed. {"functionsResolution":{"declared":true,"installed":true,"version":"3.11.0","resolution":"C:\\Users\\Deepu\\Desktop\\Lavanya App\\watersupply\\functions\\node_modules\\firebase-functions\\lib\\index.js"}} {"metadata":{"emulator":{"name":"functions"},"message":"[runtime-status] [8700] firebase-functions has been stubbed. {\"functionsResolution\":{\"declared\":true,\"installed\":true,\"version\":\"3.11.0\",\"resolution\":\"C:\\\\Users\\\\Deepu\\\\Desktop\\\\Lavanya App\\\\watersupply\\\\functions\\\\node_modules\\\\firebase-functions\\\\lib\\\\index.js\"}}"}}
[debug] [2020-10-06T05:13:53.094Z] [runtime-status] [8700] Resolved module firebase-functions {"declared":true,"installed":true,"version":"3.11.0","resolution":"C:\\Users\\Deepu\\Desktop\\Lavanya App\\watersupply\\functions\\node_modules\\firebase-functions\\lib\\index.js"} {"metadata":{"emulator":{"name":"functions"},"message":"[runtime-status] [8700] Resolved module firebase-functions {\"declared\":true,\"installed\":true,\"version\":\"3.11.0\",\"resolution\":\"C:\\\\Users\\\\Deepu\\\\Desktop\\\\Lavanya App\\\\watersupply\\\\functions\\\\node_modules\\\\firebase-functions\\\\lib\\\\index.js\"}"}}
[debug] [2020-10-06T05:13:53.095Z] [runtime-status] [8700] Resolved module firebase-admin {"declared":true,"installed":true,"version":"8.13.0","resolution":"C:\\Users\\Deepu\\Desktop\\Lavanya App\\watersupply\\functions\\node_modules\\firebase-admin\\lib\\index.js"} {"metadata":{"emulator":{"name":"functions"},"message":"[runtime-status] [8700] Resolved module firebase-admin {\"declared\":true,\"installed\":true,\"version\":\"8.13.0\",\"resolution\":\"C:\\\\Users\\\\Deepu\\\\Desktop\\\\Lavanya App\\\\watersupply\\\\functions\\\\node_modules\\\\firebase-admin\\\\lib\\\\index.js\"}"}}
[debug] [2020-10-06T05:13:53.096Z] [runtime-status] [8700] Resolved module firebase-functions {"declared":true,"installed":true,"version":"3.11.0","resolution":"C:\\Users\\Deepu\\Desktop\\Lavanya App\\watersupply\\functions\\node_modules\\firebase-functions\\lib\\index.js"} {"metadata":{"emulator":{"name":"functions"},"message":"[runtime-status] [8700] Resolved module firebase-functions {\"declared\":true,\"installed\":true,\"version\":\"3.11.0\",\"resolution\":\"C:\\\\Users\\\\Deepu\\\\Desktop\\\\Lavanya App\\\\watersupply\\\\functions\\\\node_modules\\\\firebase-functions\\\\lib\\\\index.js\"}"}}
[debug] [2020-10-06T05:13:53.096Z] [runtime-status] [8700] firebase-admin has been stubbed. {"adminResolution":{"declared":true,"installed":true,"version":"8.13.0","resolution":"C:\\Users\\Deepu\\Desktop\\Lavanya App\\watersupply\\functions\\node_modules\\firebase-admin\\lib\\index.js"}} {"metadata":{"emulator":{"name":"functions"},"message":"[runtime-status] [8700] firebase-admin has been stubbed. {\"adminResolution\":{\"declared\":true,\"installed\":true,\"version\":\"8.13.0\",\"resolution\":\"C:\\\\Users\\\\Deepu\\\\Desktop\\\\Lavanya App\\\\watersupply\\\\functions\\\\node_modules\\\\firebase-admin\\\\lib\\\\index.js\"}}"}}
[debug] [2020-10-06T05:13:53.099Z] [runtime-status] [8700] initializeApp(DEFAULT) {"databaseURL":"https://watersupply-9c98b.firebaseio.com","storageBucket":"watersupply-9c98b.appspot.com","projectId":"watersupply-9c98b"} {"metadata":{"emulator":{"name":"functions"},"message":"[runtime-status] [8700] initializeApp(DEFAULT) {\"databaseURL\":\"https://watersupply-9c98b.firebaseio.com\",\"storageBucket\":\"watersupply-9c98b.appspot.com\",\"projectId\":\"watersupply-9c98b\"}"}}
[info] +  functions[addMessage]: http function initialized (http://localhost:5000/watersupply-9c98b/us-central1/addMessage). {"metadata":{"emulator":{"name":"functions"},"message":"\u001b[1mhttp\u001b[22m function initialized (http://localhost:5000/watersupply-9c98b/us-central1/addMessage)."}}
[info] i  functions[makeUppercase]: function ignored because the firestore emulator does not exist or is not running. {"metadata":{"emulator":{"name":"functions"},"message":"function ignored because the firestore emulator does not exist or is not running."}}
[debug] [2020-10-06T05:13:53.105Z] [worker-~diagnostic~-c09fec7f-adf4-47ff-a392-8403ed6d251f]: IDLE {"metadata":{"emulator":{"name":"functions"},"message":"[worker-~diagnostic~-c09fec7f-adf4-47ff-a392-8403ed6d251f]: IDLE"}}
